<?xml version="1.0" encoding="UTF-8"?>
<!-- Generated by org.testng.reporters.JUnitXMLReporter -->
<testsuite hostname="DESKTOP-A0E5A8F" ignored="1" name="sanitytestname" tests="2" failures="1" timestamp="23 Sep 2019 17:47:08 GMT" time="5.448" errors="0">
  <testcase name="testcase" time="0.007" classname="TestScript.DemoGuru999">
    <failure type="java.lang.Error" message="Unresolved compilation problem: 
	The method moveToMainWindow(String) in the type CommonFunctions is not applicable for the arguments ()
">
      <![CDATA[java.lang.Error: Unresolved compilation problem: 
The method moveToMainWindow(String) in the type CommonFunctions is not applicable for the arguments ()

at TestScript.DemoGuru999.testcase(DemoGuru999.java:26)
... Removed 25 stack frames]]>
    </failure>
  </testcase> <!-- testcase -->
  <testcase name="testReport" time="4.148" classname="TestScript.FirstScript"/>
  <testcase name="@BeforeSuite openBrowser" time="0.0" classname="util.TestMethodSetup">
    <ignored/>
  </testcase> <!-- @BeforeSuite openBrowser -->
</testsuite> <!-- sanitytestname -->
